2026-03-10 11:23:20 [error]: error: password authentication failed for user "postgres"
    at C:\Users\YAVER IMAM\Downloads\SyyaimSafeG_AI_v2_Complete\safeg-complete\backend\node_modules\pg-pool\index.js:45:11
    at process.processTicksAndRejections (node:internal/process/task_queues:105:5)
    at async connectDB (C:\Users\YAVER IMAM\Downloads\SyyaimSafeG_AI_v2_Complete\safeg-complete\backend\src\config\database.js:22:18)
    at async seed (C:\Users\YAVER IMAM\Downloads\SyyaimSafeG_AI_v2_Complete\safeg-complete\backend\src\config\seed.js:13:3)
2026-03-10 11:23:34 [info]: Seeding demo data…
2026-03-10 11:23:34 [error]: error: relation "tenants" does not exist
    at C:\Users\YAVER IMAM\Downloads\SyyaimSafeG_AI_v2_Complete\safeg-complete\backend\node_modules\pg\lib\client.js:631:17
    at process.processTicksAndRejections (node:internal/process/task_queues:105:5)
    at async C:\Users\YAVER IMAM\Downloads\SyyaimSafeG_AI_v2_Complete\safeg-complete\backend\src\config\seed.js:20:5
    at async withTransaction (C:\Users\YAVER IMAM\Downloads\SyyaimSafeG_AI_v2_Complete\safeg-complete\backend\src\config\database.js:38:20)
    at async seed (C:\Users\YAVER IMAM\Downloads\SyyaimSafeG_AI_v2_Complete\safeg-complete\backend\src\config\seed.js:16:3)
2026-03-10 11:24:37 [info]: Seeding demo data…
2026-03-10 11:24:37 [error]: error: relation "tenants" does not exist
    at C:\Users\YAVER IMAM\Downloads\SyyaimSafeG_AI_v2_Complete\safeg-complete\backend\node_modules\pg\lib\client.js:631:17
    at process.processTicksAndRejections (node:internal/process/task_queues:105:5)
    at async C:\Users\YAVER IMAM\Downloads\SyyaimSafeG_AI_v2_Complete\safeg-complete\backend\src\config\seed.js:20:5
    at async withTransaction (C:\Users\YAVER IMAM\Downloads\SyyaimSafeG_AI_v2_Complete\safeg-complete\backend\src\config\database.js:38:20)
    at async seed (C:\Users\YAVER IMAM\Downloads\SyyaimSafeG_AI_v2_Complete\safeg-complete\backend\src\config\seed.js:16:3)
2026-03-10 11:27:36 [info]: Running migrations…
2026-03-10 11:27:37 [error]: Migration failed:
2026-03-10 11:29:56 [info]: Running migrations…
2026-03-10 11:29:57 [error]: Migration failed:
2026-03-10 11:32:06 [info]: Running migrations…
2026-03-10 11:32:07 [error]: Migration failed:
2026-03-10 11:39:07 [info]: Running migrations...
2026-03-10 11:39:08 [info]: All tables, indexes, triggers and views created successfully
2026-03-10 11:39:29 [info]: Seeding demo data…
2026-03-10 11:39:29 [error]: error: column "employee_count" of relation "customers" does not exist
    at C:\Users\YAVER IMAM\Downloads\SyyaimSafeG_AI_v2_Complete\safeg-complete\backend\node_modules\pg\lib\client.js:631:17
    at process.processTicksAndRejections (node:internal/process/task_queues:105:5)
    at async C:\Users\YAVER IMAM\Downloads\SyyaimSafeG_AI_v2_Complete\safeg-complete\backend\src\config\seed.js:28:5
    at async withTransaction (C:\Users\YAVER IMAM\Downloads\SyyaimSafeG_AI_v2_Complete\safeg-complete\backend\src\config\database.js:38:20)
    at async seed (C:\Users\YAVER IMAM\Downloads\SyyaimSafeG_AI_v2_Complete\safeg-complete\backend\src\config\seed.js:16:3)
2026-03-10 11:42:19 [info]: Seeding demo data...
2026-03-10 11:42:19 [error]: value too long for type character varying(15)
2026-03-10 11:43:35 [info]: Seeding demo data...
2026-03-10 11:43:35 [info]: 
✅  Seed complete!
    Tenant:     eb979fac-7206-421f-a66f-6ebe064e277d
    Customer:   ed7bf4d6-3130-4fc9-9c7c-3d472373b3e5
    Plant:      4a5751a1-9dc2-4562-bb32-4612a3774035
    Areas:      4
    Cameras:    4
    Violations: 5 (3 open, 2 resolved)

    Login: suresh@puneauto.com / Demo@SafeG2024!
    
2026-03-10 11:51:46 [info]: ✅ PostgreSQL connected
2026-03-10 11:51:46 [info]: ✅ Redis connected
2026-03-10 11:51:46 [info]: WebSocket server ready at ws://localhost/ws
2026-03-10 11:51:46 [info]: ✅ WebSocket server initialised
2026-03-10 11:51:46 [info]: 🚀 SafeG AI Backend running on port 4000
2026-03-10 11:51:46 [info]: 📖 Swagger docs: http://localhost:4000/api/docs
2026-03-10 11:51:46 [info]: 🔍 Health check: http://localhost:4000/api/health
2026-03-10 11:51:56 [info]: ✅ PostgreSQL connected
2026-03-10 11:51:56 [info]: ✅ Redis connected
2026-03-10 11:51:56 [info]: WebSocket server ready at ws://localhost/ws
2026-03-10 11:51:56 [info]: ✅ WebSocket server initialised
2026-03-10 11:51:56 [info]: 🚀 SafeG AI Backend running on port 4000
2026-03-10 11:51:56 [info]: 📖 Swagger docs: http://localhost:4000/api/docs
2026-03-10 11:51:56 [info]: 🔍 Health check: http://localhost:4000/api/health
2026-03-10 11:52:20 [info]: SIGINT received — shutting down gracefully
2026-03-10 11:52:33 [info]: ✅ PostgreSQL connected
2026-03-10 11:52:33 [info]: ✅ Redis connected
2026-03-10 11:52:33 [info]: WebSocket server ready at ws://localhost/ws
2026-03-10 11:52:33 [info]: ✅ WebSocket server initialised
2026-03-10 11:52:33 [info]: 🚀 SafeG AI Backend running on port 4000
2026-03-10 11:52:33 [info]: 📖 Swagger docs: http://localhost:4000/api/docs
2026-03-10 11:52:33 [info]: 🔍 Health check: http://localhost:4000/api/health
2026-03-10 14:03:36 [error]: [decb1809-ab63-4abe-8278-b7c6584cd91b] error: column "refresh_token" of relation "users" does not exist
    at C:\Users\YAVER IMAM\Downloads\SyyaimSafeG_AI_v2_Complete\safeg-complete\backend\node_modules\pg-pool\index.js:45:11
    at process.processTicksAndRejections (node:internal/process/task_queues:105:5)
    at async C:\Users\YAVER IMAM\Downloads\SyyaimSafeG_AI_v2_Complete\safeg-complete\backend\src\controllers\auth.controller.js:97:3
2026-03-10 14:05:19 [info]: SIGINT received — shutting down gracefully
2026-03-10 14:05:41 [info]: Running alter migrations...
2026-03-10 14:05:41 [info]: OK: ALTER TABLE users ADD COLUMN IF NOT EXISTS refresh_token TEX
2026-03-10 14:05:41 [info]: OK: ALTER TABLE users ADD COLUMN IF NOT EXISTS password_reset_to
2026-03-10 14:05:41 [info]: OK: ALTER TABLE users ADD COLUMN IF NOT EXISTS password_reset_ex
2026-03-10 14:05:41 [info]: OK: ALTER TABLE users ADD COLUMN IF NOT EXISTS designation VARCH
2026-03-10 14:05:41 [info]: OK: ALTER TABLE users ADD COLUMN IF NOT EXISTS department VARCHA
2026-03-10 14:05:41 [info]: OK: ALTER TABLE users ADD COLUMN IF NOT EXISTS plant_ids UUID[]
2026-03-10 14:05:41 [info]: OK: ALTER TABLE customers ADD COLUMN IF NOT EXISTS contact_name 
2026-03-10 14:06:08 [info]: ✅ PostgreSQL connected
2026-03-10 14:06:08 [info]: ✅ Redis connected
2026-03-10 14:06:08 [info]: WebSocket server ready at ws://localhost/ws
2026-03-10 14:06:08 [info]: ✅ WebSocket server initialised
2026-03-10 14:06:08 [info]: 🚀 SafeG AI Backend running on port 4000
2026-03-10 14:06:08 [info]: 📖 Swagger docs: http://localhost:4000/api/docs
2026-03-10 14:06:08 [info]: 🔍 Health check: http://localhost:4000/api/health
2026-03-10 14:54:05 [info]: ✅ PostgreSQL connected
2026-03-10 14:54:05 [info]: ✅ Redis connected
2026-03-10 14:54:05 [info]: WebSocket server ready at ws://localhost/ws
2026-03-10 14:54:05 [info]: ✅ WebSocket server initialised
2026-03-10 14:54:05 [info]: 🚀 SafeG AI Backend running on port 4000
2026-03-10 14:54:05 [info]: 📖 Swagger docs: http://localhost:4000/api/docs
2026-03-10 14:54:05 [info]: 🔍 Health check: http://localhost:4000/api/health
2026-03-10 14:54:35 [info]: SIGINT received — shutting down gracefully
2026-03-10 14:54:41 [info]: ✅ PostgreSQL connected
2026-03-10 14:54:41 [info]: ✅ Redis connected
2026-03-10 14:54:41 [info]: WebSocket server ready at ws://localhost/ws
2026-03-10 14:54:41 [info]: ✅ WebSocket server initialised
2026-03-10 14:54:41 [info]: 🚀 SafeG AI Backend running on port 4000
2026-03-10 14:54:41 [info]: 📖 Swagger docs: http://localhost:4000/api/docs
2026-03-10 14:54:41 [info]: 🔍 Health check: http://localhost:4000/api/health
2026-03-10 14:57:47 [error]: [474f9006-eba3-48de-9028-2129a422e04a] error: column "subscription_status" does not exist
    at C:\Users\YAVER IMAM\Downloads\SyyaimSafeG_AI_v2_Complete\safeg-complete\backend\node_modules\pg-pool\index.js:45:11
    at process.processTicksAndRejections (node:internal/process/task_queues:105:5)
    at async Promise.all (index 0)
    at async C:\Users\YAVER IMAM\Downloads\SyyaimSafeG_AI_v2_Complete\safeg-complete\backend\src\routes\admin.routes.js:203:50
2026-03-10 14:57:51 [error]: [affef3cc-b172-4b9d-8736-e2509b88ce4b] error: column p.customer_id does not exist
    at C:\Users\YAVER IMAM\Downloads\SyyaimSafeG_AI_v2_Complete\safeg-complete\backend\node_modules\pg-pool\index.js:45:11
    at process.processTicksAndRejections (node:internal/process/task_queues:105:5)
    at async C:\Users\YAVER IMAM\Downloads\SyyaimSafeG_AI_v2_Complete\safeg-complete\backend\src\routes\admin.routes.js:92:18
2026-03-10 14:57:51 [error]: [b4de880b-ac9f-4a98-8b84-c4016dd3db8d] error: column "subscription_status" does not exist
    at C:\Users\YAVER IMAM\Downloads\SyyaimSafeG_AI_v2_Complete\safeg-complete\backend\node_modules\pg-pool\index.js:45:11
    at process.processTicksAndRejections (node:internal/process/task_queues:105:5)
    at async Promise.all (index 2)
    at async C:\Users\YAVER IMAM\Downloads\SyyaimSafeG_AI_v2_Complete\safeg-complete\backend\src\routes\admin.routes.js:24:71
2026-03-10 14:57:51 [error]: [9601a232-3d5e-4d67-9065-da8ba0855a84] error: column "subscription_status" does not exist
    at C:\Users\YAVER IMAM\Downloads\SyyaimSafeG_AI_v2_Complete\safeg-complete\backend\node_modules\pg-pool\index.js:45:11
    at process.processTicksAndRejections (node:internal/process/task_queues:105:5)
    at async Promise.all (index 2)
    at async C:\Users\YAVER IMAM\Downloads\SyyaimSafeG_AI_v2_Complete\safeg-complete\backend\src\routes\admin.routes.js:24:71
2026-03-10 14:57:51 [error]: [60fdd49c-2c37-47d1-b637-6e7c2676bced] error: column p.customer_id does not exist
    at C:\Users\YAVER IMAM\Downloads\SyyaimSafeG_AI_v2_Complete\safeg-complete\backend\node_modules\pg-pool\index.js:45:11
    at process.processTicksAndRejections (node:internal/process/task_queues:105:5)
    at async C:\Users\YAVER IMAM\Downloads\SyyaimSafeG_AI_v2_Complete\safeg-complete\backend\src\routes\admin.routes.js:92:18
2026-03-10 14:58:00 [error]: [55fe71c4-5955-42ed-99c1-44b96b63a0a1] error: column "subscription_status" does not exist
    at C:\Users\YAVER IMAM\Downloads\SyyaimSafeG_AI_v2_Complete\safeg-complete\backend\node_modules\pg-pool\index.js:45:11
    at process.processTicksAndRejections (node:internal/process/task_queues:105:5)
    at async Promise.all (index 2)
    at async C:\Users\YAVER IMAM\Downloads\SyyaimSafeG_AI_v2_Complete\safeg-complete\backend\src\routes\admin.routes.js:24:71
2026-03-10 14:58:00 [error]: [e1ed952d-7e9a-4e15-989c-4768fbfbf411] error: column p.customer_id does not exist
    at C:\Users\YAVER IMAM\Downloads\SyyaimSafeG_AI_v2_Complete\safeg-complete\backend\node_modules\pg-pool\index.js:45:11
    at process.processTicksAndRejections (node:internal/process/task_queues:105:5)
    at async C:\Users\YAVER IMAM\Downloads\SyyaimSafeG_AI_v2_Complete\safeg-complete\backend\src\routes\admin.routes.js:92:18
2026-03-10 15:00:32 [error]: [a3f2732c-e888-4966-bf6b-ae5c723af52e] error: column "subscription_status" does not exist
    at C:\Users\YAVER IMAM\Downloads\SyyaimSafeG_AI_v2_Complete\safeg-complete\backend\node_modules\pg-pool\index.js:45:11
    at process.processTicksAndRejections (node:internal/process/task_queues:105:5)
    at async Promise.all (index 2)
    at async C:\Users\YAVER IMAM\Downloads\SyyaimSafeG_AI_v2_Complete\safeg-complete\backend\src\routes\admin.routes.js:24:71
2026-03-10 15:00:32 [error]: [e0ba1004-54d7-426d-8d8b-3793199fa5cc] error: column "subscription_status" does not exist
    at C:\Users\YAVER IMAM\Downloads\SyyaimSafeG_AI_v2_Complete\safeg-complete\backend\node_modules\pg-pool\index.js:45:11
    at process.processTicksAndRejections (node:internal/process/task_queues:105:5)
    at async Promise.all (index 0)
    at async C:\Users\YAVER IMAM\Downloads\SyyaimSafeG_AI_v2_Complete\safeg-complete\backend\src\routes\admin.routes.js:203:50
2026-03-10 15:00:32 [error]: [fe5830b9-6e0b-4441-b611-2ce47595ac64] error: column p.customer_id does not exist
    at C:\Users\YAVER IMAM\Downloads\SyyaimSafeG_AI_v2_Complete\safeg-complete\backend\node_modules\pg-pool\index.js:45:11
    at process.processTicksAndRejections (node:internal/process/task_queues:105:5)
    at async C:\Users\YAVER IMAM\Downloads\SyyaimSafeG_AI_v2_Complete\safeg-complete\backend\src\routes\admin.routes.js:92:18
2026-03-10 15:01:19 [error]: [7485ad66-2bf0-4a2a-a9c3-d8dadab7a8ea] error: column "created_at" does not exist
    at C:\Users\YAVER IMAM\Downloads\SyyaimSafeG_AI_v2_Complete\safeg-complete\backend\node_modules\pg-pool\index.js:45:11
    at process.processTicksAndRejections (node:internal/process/task_queues:105:5)
    at async Promise.all (index 3)
    at async C:\Users\YAVER IMAM\Downloads\SyyaimSafeG_AI_v2_Complete\safeg-complete\backend\src\routes\admin.routes.js:203:50
2026-03-10 15:01:19 [error]: [cf2bfc10-2ce2-4167-bc55-0b29ddb6ed39] error: column "subscription_status" does not exist
    at C:\Users\YAVER IMAM\Downloads\SyyaimSafeG_AI_v2_Complete\safeg-complete\backend\node_modules\pg-pool\index.js:45:11
    at process.processTicksAndRejections (node:internal/process/task_queues:105:5)
    at async Promise.all (index 0)
    at async C:\Users\YAVER IMAM\Downloads\SyyaimSafeG_AI_v2_Complete\safeg-complete\backend\src\routes\admin.routes.js:203:50
2026-03-10 15:01:36 [error]: [87e47e6a-ef76-4888-8cc7-9fa6f0fbc019] error: column "subscription_status" does not exist
    at C:\Users\YAVER IMAM\Downloads\SyyaimSafeG_AI_v2_Complete\safeg-complete\backend\node_modules\pg-pool\index.js:45:11
    at process.processTicksAndRejections (node:internal/process/task_queues:105:5)
    at async Promise.all (index 0)
    at async C:\Users\YAVER IMAM\Downloads\SyyaimSafeG_AI_v2_Complete\safeg-complete\backend\src\routes\admin.routes.js:203:50
2026-03-10 15:02:23 [error]: [bb8c476f-f6e5-4b87-806f-31607b168a80] error: column "subscription_status" does not exist
    at C:\Users\YAVER IMAM\Downloads\SyyaimSafeG_AI_v2_Complete\safeg-complete\backend\node_modules\pg-pool\index.js:45:11
    at process.processTicksAndRejections (node:internal/process/task_queues:105:5)
    at async Promise.all (index 2)
    at async C:\Users\YAVER IMAM\Downloads\SyyaimSafeG_AI_v2_Complete\safeg-complete\backend\src\routes\admin.routes.js:24:71
2026-03-10 15:02:23 [error]: [427bfe69-81b0-483d-b5f3-668b73b96329] error: column p.customer_id does not exist
    at C:\Users\YAVER IMAM\Downloads\SyyaimSafeG_AI_v2_Complete\safeg-complete\backend\node_modules\pg-pool\index.js:45:11
    at process.processTicksAndRejections (node:internal/process/task_queues:105:5)
    at async C:\Users\YAVER IMAM\Downloads\SyyaimSafeG_AI_v2_Complete\safeg-complete\backend\src\routes\admin.routes.js:92:18
2026-03-10 15:02:23 [error]: [15ec1699-5066-47e9-9a41-efaad534d2fc] error: column p.customer_id does not exist
    at C:\Users\YAVER IMAM\Downloads\SyyaimSafeG_AI_v2_Complete\safeg-complete\backend\node_modules\pg-pool\index.js:45:11
    at process.processTicksAndRejections (node:internal/process/task_queues:105:5)
    at async C:\Users\YAVER IMAM\Downloads\SyyaimSafeG_AI_v2_Complete\safeg-complete\backend\src\routes\admin.routes.js:92:18
2026-03-10 15:02:23 [error]: [26f19583-6ccc-444f-bed2-0910f1f0099c] error: column "plan_id" does not exist
    at C:\Users\YAVER IMAM\Downloads\SyyaimSafeG_AI_v2_Complete\safeg-complete\backend\node_modules\pg-pool\index.js:45:11
    at process.processTicksAndRejections (node:internal/process/task_queues:105:5)
    at async Promise.all (index 5)
    at async C:\Users\YAVER IMAM\Downloads\SyyaimSafeG_AI_v2_Complete\safeg-complete\backend\src\routes\admin.routes.js:24:71
2026-03-10 15:03:49 [error]: [4b5d635e-dfed-4b0f-b7a5-76652155b080] error: column "subscription_status" does not exist
    at C:\Users\YAVER IMAM\Downloads\SyyaimSafeG_AI_v2_Complete\safeg-complete\backend\node_modules\pg-pool\index.js:45:11
    at process.processTicksAndRejections (node:internal/process/task_queues:105:5)
    at async Promise.all (index 2)
    at async C:\Users\YAVER IMAM\Downloads\SyyaimSafeG_AI_v2_Complete\safeg-complete\backend\src\routes\admin.routes.js:24:71
2026-03-10 15:03:49 [error]: [199f83fe-0526-4ef5-af60-b61e289b6308] error: column p.customer_id does not exist
    at C:\Users\YAVER IMAM\Downloads\SyyaimSafeG_AI_v2_Complete\safeg-complete\backend\node_modules\pg-pool\index.js:45:11
    at process.processTicksAndRejections (node:internal/process/task_queues:105:5)
    at async C:\Users\YAVER IMAM\Downloads\SyyaimSafeG_AI_v2_Complete\safeg-complete\backend\src\routes\admin.routes.js:92:18
2026-03-10 15:03:50 [error]: [b3b63242-475e-48d2-8726-6cd6c7c4e689] error: column "subscription_status" does not exist
    at C:\Users\YAVER IMAM\Downloads\SyyaimSafeG_AI_v2_Complete\safeg-complete\backend\node_modules\pg-pool\index.js:45:11
    at process.processTicksAndRejections (node:internal/process/task_queues:105:5)
    at async Promise.all (index 2)
    at async C:\Users\YAVER IMAM\Downloads\SyyaimSafeG_AI_v2_Complete\safeg-complete\backend\src\routes\admin.routes.js:24:71
2026-03-10 15:03:50 [error]: [e1b831f1-a48d-4e06-b833-dbd0b1052b8a] error: column p.customer_id does not exist
    at C:\Users\YAVER IMAM\Downloads\SyyaimSafeG_AI_v2_Complete\safeg-complete\backend\node_modules\pg-pool\index.js:45:11
    at process.processTicksAndRejections (node:internal/process/task_queues:105:5)
    at async C:\Users\YAVER IMAM\Downloads\SyyaimSafeG_AI_v2_Complete\safeg-complete\backend\src\routes\admin.routes.js:92:18
2026-03-10 15:03:51 [error]: [19f54deb-3967-4ef9-8910-3b49d8df0880] error: column "subscription_status" does not exist
    at C:\Users\YAVER IMAM\Downloads\SyyaimSafeG_AI_v2_Complete\safeg-complete\backend\node_modules\pg-pool\index.js:45:11
    at process.processTicksAndRejections (node:internal/process/task_queues:105:5)
    at async Promise.all (index 2)
    at async C:\Users\YAVER IMAM\Downloads\SyyaimSafeG_AI_v2_Complete\safeg-complete\backend\src\routes\admin.routes.js:24:71
2026-03-10 15:03:51 [error]: [e66d3183-30da-475e-b447-66fac3aa9d49] error: column p.customer_id does not exist
    at C:\Users\YAVER IMAM\Downloads\SyyaimSafeG_AI_v2_Complete\safeg-complete\backend\node_modules\pg-pool\index.js:45:11
    at process.processTicksAndRejections (node:internal/process/task_queues:105:5)
    at async C:\Users\YAVER IMAM\Downloads\SyyaimSafeG_AI_v2_Complete\safeg-complete\backend\src\routes\admin.routes.js:92:18
2026-03-10 15:15:12 [error]: [252bf5db-6431-4ea9-9e2c-b9e1866a26fe] error: column "subscription_status" does not exist
    at C:\Users\YAVER IMAM\Downloads\SyyaimSafeG_AI_v2_Complete\safeg-complete\backend\node_modules\pg-pool\index.js:45:11
    at process.processTicksAndRejections (node:internal/process/task_queues:105:5)
    at async Promise.all (index 0)
    at async C:\Users\YAVER IMAM\Downloads\SyyaimSafeG_AI_v2_Complete\safeg-complete\backend\src\routes\admin.routes.js:203:50
2026-03-10 15:15:21 [error]: [16bafcdc-0593-42ba-9789-8ff29c563510] error: column "subscription_status" does not exist
    at C:\Users\YAVER IMAM\Downloads\SyyaimSafeG_AI_v2_Complete\safeg-complete\backend\node_modules\pg-pool\index.js:45:11
    at process.processTicksAndRejections (node:internal/process/task_queues:105:5)
    at async Promise.all (index 2)
    at async C:\Users\YAVER IMAM\Downloads\SyyaimSafeG_AI_v2_Complete\safeg-complete\backend\src\routes\admin.routes.js:24:71
2026-03-10 15:15:21 [error]: [93962f76-9450-4a8f-9a04-5a93b831b4b2] error: column "subscription_status" does not exist
    at C:\Users\YAVER IMAM\Downloads\SyyaimSafeG_AI_v2_Complete\safeg-complete\backend\node_modules\pg-pool\index.js:45:11
    at process.processTicksAndRejections (node:internal/process/task_queues:105:5)
    at async Promise.all (index 2)
    at async C:\Users\YAVER IMAM\Downloads\SyyaimSafeG_AI_v2_Complete\safeg-complete\backend\src\routes\admin.routes.js:24:71
2026-03-10 15:15:21 [error]: [2bcc96fd-8010-4dfb-b503-96165c4c800e] error: column p.customer_id does not exist
    at C:\Users\YAVER IMAM\Downloads\SyyaimSafeG_AI_v2_Complete\safeg-complete\backend\node_modules\pg-pool\index.js:45:11
    at process.processTicksAndRejections (node:internal/process/task_queues:105:5)
    at async C:\Users\YAVER IMAM\Downloads\SyyaimSafeG_AI_v2_Complete\safeg-complete\backend\src\routes\admin.routes.js:92:18
2026-03-10 15:15:21 [error]: [d5403517-1ce2-4020-bbfa-66b318d31b4b] error: column p.customer_id does not exist
    at C:\Users\YAVER IMAM\Downloads\SyyaimSafeG_AI_v2_Complete\safeg-complete\backend\node_modules\pg-pool\index.js:45:11
    at process.processTicksAndRejections (node:internal/process/task_queues:105:5)
    at async C:\Users\YAVER IMAM\Downloads\SyyaimSafeG_AI_v2_Complete\safeg-complete\backend\src\routes\admin.routes.js:92:18
2026-03-10 15:15:28 [error]: [f81c8cc4-1b15-4bdf-9376-1c6e067ed671] error: column c.plan_id does not exist
    at C:\Users\YAVER IMAM\Downloads\SyyaimSafeG_AI_v2_Complete\safeg-complete\backend\node_modules\pg-pool\index.js:45:11
    at process.processTicksAndRejections (node:internal/process/task_queues:105:5)
    at async C:\Users\YAVER IMAM\Downloads\SyyaimSafeG_AI_v2_Complete\safeg-complete\backend\src\routes\admin.routes.js:242:18
2026-03-10 15:15:28 [error]: [a2a69126-f9c6-4ccf-8313-6593b231cd69] error: column c.plan_id does not exist
    at C:\Users\YAVER IMAM\Downloads\SyyaimSafeG_AI_v2_Complete\safeg-complete\backend\node_modules\pg-pool\index.js:45:11
    at process.processTicksAndRejections (node:internal/process/task_queues:105:5)
    at async C:\Users\YAVER IMAM\Downloads\SyyaimSafeG_AI_v2_Complete\safeg-complete\backend\src\routes\admin.routes.js:242:18
2026-03-10 15:16:45 [error]: [64a0bf00-b083-419d-8e61-1bed0ffd1a20] error: column "subscription_status" does not exist
    at C:\Users\YAVER IMAM\Downloads\SyyaimSafeG_AI_v2_Complete\safeg-complete\backend\node_modules\pg-pool\index.js:45:11
    at process.processTicksAndRejections (node:internal/process/task_queues:105:5)
    at async Promise.all (index 0)
    at async C:\Users\YAVER IMAM\Downloads\SyyaimSafeG_AI_v2_Complete\safeg-complete\backend\src\routes\admin.routes.js:203:50
2026-03-10 15:17:57 [error]: [34ba9766-66f3-437e-8892-862cc31c4525] error: column "subscription_status" does not exist
    at C:\Users\YAVER IMAM\Downloads\SyyaimSafeG_AI_v2_Complete\safeg-complete\backend\node_modules\pg-pool\index.js:45:11
    at process.processTicksAndRejections (node:internal/process/task_queues:105:5)
    at async Promise.all (index 2)
    at async C:\Users\YAVER IMAM\Downloads\SyyaimSafeG_AI_v2_Complete\safeg-complete\backend\src\routes\admin.routes.js:24:71
2026-03-10 15:17:57 [error]: [866bc95f-07ad-42cf-b63b-38507f9d5028] error: column "subscription_status" does not exist
    at C:\Users\YAVER IMAM\Downloads\SyyaimSafeG_AI_v2_Complete\safeg-complete\backend\node_modules\pg-pool\index.js:45:11
    at process.processTicksAndRejections (node:internal/process/task_queues:105:5)
    at async Promise.all (index 2)
    at async C:\Users\YAVER IMAM\Downloads\SyyaimSafeG_AI_v2_Complete\safeg-complete\backend\src\routes\admin.routes.js:24:71
2026-03-10 15:17:57 [error]: [38661fd1-22f3-471b-bc6b-d2486e725d80] error: column p.customer_id does not exist
    at C:\Users\YAVER IMAM\Downloads\SyyaimSafeG_AI_v2_Complete\safeg-complete\backend\node_modules\pg-pool\index.js:45:11
    at process.processTicksAndRejections (node:internal/process/task_queues:105:5)
    at async C:\Users\YAVER IMAM\Downloads\SyyaimSafeG_AI_v2_Complete\safeg-complete\backend\src\routes\admin.routes.js:92:18
2026-03-10 15:17:57 [error]: [14bebab9-3136-4a67-922e-91341226041d] error: column p.customer_id does not exist
    at C:\Users\YAVER IMAM\Downloads\SyyaimSafeG_AI_v2_Complete\safeg-complete\backend\node_modules\pg-pool\index.js:45:11
    at process.processTicksAndRejections (node:internal/process/task_queues:105:5)
    at async C:\Users\YAVER IMAM\Downloads\SyyaimSafeG_AI_v2_Complete\safeg-complete\backend\src\routes\admin.routes.js:92:18
2026-03-10 15:18:43 [error]: [5b1bffea-b643-471e-956a-dfbc5ad77855] error: column c.plan_id does not exist
    at C:\Users\YAVER IMAM\Downloads\SyyaimSafeG_AI_v2_Complete\safeg-complete\backend\node_modules\pg-pool\index.js:45:11
    at process.processTicksAndRejections (node:internal/process/task_queues:105:5)
    at async C:\Users\YAVER IMAM\Downloads\SyyaimSafeG_AI_v2_Complete\safeg-complete\backend\src\routes\admin.routes.js:242:18
2026-03-10 15:18:43 [error]: [964a3585-607a-4407-8d91-303a2c840973] error: column c.plan_id does not exist
    at C:\Users\YAVER IMAM\Downloads\SyyaimSafeG_AI_v2_Complete\safeg-complete\backend\node_modules\pg-pool\index.js:45:11
    at process.processTicksAndRejections (node:internal/process/task_queues:105:5)
    at async C:\Users\YAVER IMAM\Downloads\SyyaimSafeG_AI_v2_Complete\safeg-complete\backend\src\routes\admin.routes.js:242:18
2026-03-10 15:19:14 [error]: [c1aafaf8-a307-490a-bb3c-42a0daed562c] error: column "subscription_status" does not exist
    at C:\Users\YAVER IMAM\Downloads\SyyaimSafeG_AI_v2_Complete\safeg-complete\backend\node_modules\pg-pool\index.js:45:11
    at process.processTicksAndRejections (node:internal/process/task_queues:105:5)
    at async Promise.all (index 2)
    at async C:\Users\YAVER IMAM\Downloads\SyyaimSafeG_AI_v2_Complete\safeg-complete\backend\src\routes\admin.routes.js:24:71
2026-03-10 15:19:14 [error]: [97d90c59-3fe6-431e-98af-6110bc7872db] error: column "subscription_status" does not exist
    at C:\Users\YAVER IMAM\Downloads\SyyaimSafeG_AI_v2_Complete\safeg-complete\backend\node_modules\pg-pool\index.js:45:11
    at process.processTicksAndRejections (node:internal/process/task_queues:105:5)
    at async Promise.all (index 2)
    at async C:\Users\YAVER IMAM\Downloads\SyyaimSafeG_AI_v2_Complete\safeg-complete\backend\src\routes\admin.routes.js:24:71
2026-03-10 15:19:14 [error]: [ad336640-b267-4925-bc43-5c767f0e8651] error: column p.customer_id does not exist
    at C:\Users\YAVER IMAM\Downloads\SyyaimSafeG_AI_v2_Complete\safeg-complete\backend\node_modules\pg-pool\index.js:45:11
    at process.processTicksAndRejections (node:internal/process/task_queues:105:5)
    at async C:\Users\YAVER IMAM\Downloads\SyyaimSafeG_AI_v2_Complete\safeg-complete\backend\src\routes\admin.routes.js:92:18
2026-03-10 15:19:14 [error]: [52fd557d-cf89-41e1-95a3-0451747488bc] error: column p.customer_id does not exist
    at C:\Users\YAVER IMAM\Downloads\SyyaimSafeG_AI_v2_Complete\safeg-complete\backend\node_modules\pg-pool\index.js:45:11
    at process.processTicksAndRejections (node:internal/process/task_queues:105:5)
    at async C:\Users\YAVER IMAM\Downloads\SyyaimSafeG_AI_v2_Complete\safeg-complete\backend\src\routes\admin.routes.js:92:18
2026-03-10 16:27:54 [info]: ✅ PostgreSQL connected
2026-03-10 16:27:54 [info]: ✅ Redis connected
2026-03-10 16:27:54 [info]: WebSocket server ready at ws://localhost/ws
2026-03-10 16:27:54 [info]: ✅ WebSocket server initialised
2026-03-10 16:27:54 [info]: 🚀 SafeG AI Backend running on port 4000
2026-03-10 16:27:54 [info]: 📖 Swagger docs: http://localhost:4000/api/docs
2026-03-10 16:27:54 [info]: 🔍 Health check: http://localhost:4000/api/health
2026-03-10 16:30:35 [info]: ✅ PostgreSQL connected
2026-03-10 16:30:35 [info]: ✅ Redis connected
2026-03-10 16:30:35 [info]: WebSocket server ready at ws://localhost/ws
2026-03-10 16:30:35 [info]: ✅ WebSocket server initialised
2026-03-10 16:30:35 [info]: 🚀 SafeG AI Backend running on port 4000
2026-03-10 16:30:35 [info]: 📖 Swagger docs: http://localhost:4000/api/docs
2026-03-10 16:30:35 [info]: 🔍 Health check: http://localhost:4000/api/health
2026-03-10 17:09:29 [info]: ✅ PostgreSQL connected
2026-03-10 17:09:29 [info]: ✅ Redis connected
2026-03-10 17:09:29 [info]: WebSocket server ready at ws://localhost/ws
2026-03-10 17:09:29 [info]: ✅ WebSocket server initialised
2026-03-10 17:09:29 [info]: 🚀 SafeG AI Backend running on port 4000
2026-03-10 17:09:29 [info]: 📖 Swagger docs: http://localhost:4000/api/docs
2026-03-10 17:09:29 [info]: 🔍 Health check: http://localhost:4000/api/health
2026-03-11 10:34:18 [info]: ✅ PostgreSQL connected
2026-03-11 10:34:18 [info]: ✅ Redis connected
2026-03-11 10:34:18 [info]: WebSocket server ready at ws://localhost/ws
2026-03-11 10:34:18 [info]: ✅ WebSocket server initialised
2026-03-11 10:34:18 [info]: 🚀 SafeG AI Backend running on port 4000
2026-03-11 10:34:18 [info]: 📖 Swagger docs: http://localhost:4000/api/docs
2026-03-11 10:34:18 [info]: 🔍 Health check: http://localhost:4000/api/health
2026-03-11 16:36:51 [error]: [e49e7bf1-51a4-4b48-be77-b2ac23b7c3d3] error: column "subscription_status" does not exist
    at C:\Users\YAVER IMAM\Downloads\SyyaimSafeG_AI_v2_Complete\safeg-complete\backend\node_modules\pg-pool\index.js:45:11
    at process.processTicksAndRejections (node:internal/process/task_queues:105:5)
    at async Promise.all (index 0)
    at async C:\Users\YAVER IMAM\Downloads\SyyaimSafeG_AI_v2_Complete\safeg-complete\backend\src\routes\admin.routes.js:203:50
2026-03-17 12:29:24 [error]: Error: connect ECONNREFUSED ::1:5432
    at C:\Users\YAVER IMAM\Downloads\SyyaimSafeG_AI_v2_Complete\safeg-complete\backend\node_modules\pg-pool\index.js:45:11
    at process.processTicksAndRejections (node:internal/process/task_queues:105:5)
    at async connectDB (C:\Users\YAVER IMAM\Downloads\SyyaimSafeG_AI_v2_Complete\safeg-complete\backend\src\config\database.js:22:18)
    at async bootstrap (C:\Users\YAVER IMAM\Downloads\SyyaimSafeG_AI_v2_Complete\safeg-complete\backend\src\server.js:18:5)
2026-03-17 12:30:22 [error]: Error: connect ECONNREFUSED ::1:5432
    at C:\Users\YAVER IMAM\Downloads\SyyaimSafeG_AI_v2_Complete\safeg-complete\backend\node_modules\pg-pool\index.js:45:11
    at process.processTicksAndRejections (node:internal/process/task_queues:105:5)
    at async connectDB (C:\Users\YAVER IMAM\Downloads\SyyaimSafeG_AI_v2_Complete\safeg-complete\backend\src\config\database.js:22:18)
    at async bootstrap (C:\Users\YAVER IMAM\Downloads\SyyaimSafeG_AI_v2_Complete\safeg-complete\backend\src\server.js:18:5)
2026-03-17 12:33:08 [info]: ✅ PostgreSQL connected
2026-03-17 12:33:08 [info]: ✅ Redis connected
2026-03-17 12:33:08 [info]: WebSocket server ready at ws://localhost/ws
2026-03-17 12:33:08 [info]: ✅ WebSocket server initialised
2026-03-17 12:33:08 [info]: 🚀 SafeG AI Backend running on port 4000
2026-03-17 12:33:08 [info]: 📖 Swagger docs: http://localhost:4000/api/docs
2026-03-17 12:33:08 [info]: 🔍 Health check: http://localhost:4000/api/health
2026-03-20 15:24:28 [info]: ✅ PostgreSQL connected
2026-03-20 15:24:28 [info]: ✅ Redis connected
2026-03-20 15:24:28 [info]: WebSocket server ready at ws://localhost/ws
2026-03-20 15:24:28 [info]: ✅ WebSocket server initialised
2026-03-20 15:24:28 [info]: 🚀 SafeG AI Backend running on port 4000
2026-03-20 15:24:28 [info]: 📖 Swagger docs: http://localhost:4000/api/docs
2026-03-20 15:24:28 [info]: 🔍 Health check: http://localhost:4000/api/health
2026-03-23 15:00:50 [info]: ✅ PostgreSQL connected
2026-03-23 15:00:50 [info]: ✅ Redis connected
2026-03-23 15:00:50 [info]: WebSocket server ready at ws://localhost/ws
2026-03-23 15:00:50 [info]: ✅ WebSocket server initialised
2026-03-23 15:00:50 [info]: 🚀 SafeG AI Backend running on port 4000
2026-03-23 15:00:50 [info]: 📖 Swagger docs: http://localhost:4000/api/docs
2026-03-23 15:00:50 [info]: 🔍 Health check: http://localhost:4000/api/health
2026-03-23 15:01:30 [info]: SIGINT received — shutting down gracefully
2026-03-23 15:01:45 [info]: ✅ PostgreSQL connected
2026-03-23 15:01:45 [info]: ✅ Redis connected
2026-03-23 15:01:45 [info]: WebSocket server ready at ws://localhost/ws
2026-03-23 15:01:45 [info]: ✅ WebSocket server initialised
2026-03-23 15:01:45 [info]: 🚀 SafeG AI Backend running on port 4000
2026-03-23 15:01:45 [info]: 📖 Swagger docs: http://localhost:4000/api/docs
2026-03-23 15:01:45 [info]: 🔍 Health check: http://localhost:4000/api/health
2026-03-23 15:43:31 [info]: ✅ PostgreSQL connected
2026-03-23 15:43:31 [info]: ✅ Redis connected
2026-03-23 15:43:31 [info]: WebSocket server ready at ws://localhost/ws
2026-03-23 15:43:31 [info]: ✅ WebSocket server initialised
2026-03-23 15:43:31 [info]: 🚀 SafeG AI Backend running on port 4000
2026-03-23 15:43:31 [info]: 📖 Swagger docs: http://localhost:4000/api/docs
2026-03-23 15:43:31 [info]: 🔍 Health check: http://localhost:4000/api/health
2026-03-23 15:45:07 [info]: SIGINT received — shutting down gracefully
2026-03-23 15:45:16 [info]: ✅ PostgreSQL connected
2026-03-23 15:45:16 [info]: ✅ Redis connected
2026-03-23 15:45:16 [info]: WebSocket server ready at ws://localhost/ws
2026-03-23 15:45:16 [info]: ✅ WebSocket server initialised
2026-03-23 15:45:17 [info]: 🚀 SafeG AI Backend running on port 4000
2026-03-23 15:45:17 [info]: 📖 Swagger docs: http://localhost:4000/api/docs
2026-03-23 15:45:17 [info]: 🔍 Health check: http://localhost:4000/api/health
2026-03-23 17:19:20 [info]: ✅ PostgreSQL connected
2026-03-23 17:19:20 [info]: ✅ Redis connected
2026-03-23 17:19:20 [info]: WebSocket server ready at ws://localhost/ws
2026-03-23 17:19:20 [info]: ✅ WebSocket server initialised
2026-03-23 17:19:20 [info]: 🚀 SafeG AI Backend running on port 4000
2026-03-23 17:19:20 [info]: 📖 Swagger docs: http://localhost:4000/api/docs
2026-03-23 17:19:20 [info]: 🔍 Health check: http://localhost:4000/api/health
2026-03-23 17:31:38 [info]: ✅ PostgreSQL connected
2026-03-23 17:31:38 [info]: ✅ Redis connected
2026-03-23 17:31:38 [info]: WebSocket server ready at ws://localhost/ws
2026-03-23 17:31:38 [info]: ✅ WebSocket server initialised
2026-03-23 17:31:38 [info]: 🚀 SafeG AI Backend running on port 4000
2026-03-23 17:31:38 [info]: 📖 Swagger docs: http://localhost:4000/api/docs
2026-03-23 17:31:38 [info]: 🔍 Health check: http://localhost:4000/api/health
2026-03-26 11:23:58 [info]: ✅ PostgreSQL connected
2026-03-26 11:23:58 [info]: ✅ Redis connected
2026-03-26 11:23:58 [info]: WebSocket server ready at ws://localhost/ws
2026-03-26 11:23:58 [info]: ✅ WebSocket server initialised
2026-03-26 11:23:58 [info]: 🚀 SafeG AI Backend running on port 4000
2026-03-26 11:23:58 [info]: 📖 Swagger docs: http://localhost:4000/api/docs
2026-03-26 11:23:58 [info]: 🔍 Health check: http://localhost:4000/api/health
2026-03-26 11:26:46 [info]: SIGINT received — shutting down gracefully
2026-03-26 11:26:59 [info]: ✅ PostgreSQL connected
2026-03-26 11:26:59 [info]: ✅ Redis connected
2026-03-26 11:26:59 [info]: WebSocket server ready at ws://localhost/ws
2026-03-26 11:26:59 [info]: ✅ WebSocket server initialised
2026-03-26 11:26:59 [info]: 🚀 SafeG AI Backend running on port 4000
2026-03-26 11:26:59 [info]: 📖 Swagger docs: http://localhost:4000/api/docs
2026-03-26 11:26:59 [info]: 🔍 Health check: http://localhost:4000/api/health
2026-03-26 11:40:40 [info]: ✅ PostgreSQL connected
2026-03-26 11:40:40 [info]: ✅ Redis connected
2026-03-26 11:40:40 [info]: WebSocket server ready at ws://localhost/ws
2026-03-26 11:40:40 [info]: ✅ WebSocket server initialised
2026-03-26 11:40:40 [info]: 🚀 SafeG AI Backend running on port 4000
2026-03-26 11:40:40 [info]: 📖 Swagger docs: http://localhost:4000/api/docs
2026-03-26 11:40:40 [info]: 🔍 Health check: http://localhost:4000/api/health
2026-03-26 14:21:52 [info]: ✅ PostgreSQL connected
2026-03-26 14:21:52 [info]: ✅ Redis connected
2026-03-26 14:21:52 [info]: WebSocket server ready at ws://localhost/ws
2026-03-26 14:21:52 [info]: ✅ WebSocket server initialised
2026-03-26 14:21:52 [info]: 🚀 SafeG AI Backend running on port 4000
2026-03-26 14:21:52 [info]: 📖 Swagger docs: http://localhost:4000/api/docs
2026-03-26 14:21:52 [info]: 🔍 Health check: http://localhost:4000/api/health
2026-03-26 14:31:06 [info]: ✅ PostgreSQL connected
2026-03-26 14:31:06 [info]: ✅ Redis connected
2026-03-26 14:31:06 [info]: WebSocket server ready at ws://localhost/ws
2026-03-26 14:31:06 [info]: ✅ WebSocket server initialised
2026-03-26 14:31:06 [info]: 🚀 SafeG AI Backend running on port 4000
2026-03-26 14:31:06 [info]: 📖 Swagger docs: http://localhost:4000/api/docs
2026-03-26 14:31:06 [info]: 🔍 Health check: http://localhost:4000/api/health
2026-03-26 14:43:54 [info]: Running migrations...
2026-03-26 14:43:54 [info]: All tables, indexes, triggers and views created successfully
2026-03-26 14:44:02 [info]: Seeding demo data...
2026-03-26 14:44:03 [error]: insert or update on table "violations" violates foreign key constraint "violations_camera_id_fkey"
2026-03-26 14:45:12 [info]: Running migrations...
2026-03-26 14:45:12 [info]: All tables, indexes, triggers and views created successfully
2026-03-26 14:49:06 [info]: Running migrations...
2026-03-26 14:49:07 [info]: All tables, indexes, triggers and views created successfully
2026-03-26 14:49:14 [info]: Seeding demo data...
2026-03-26 14:49:14 [error]: insert or update on table "violations" violates foreign key constraint "violations_camera_id_fkey"
2026-03-26 15:03:18 [error]: AI stream start error: connect ECONNREFUSED ::1:5001
2026-03-26 15:04:06 [error]: AI stream start error: connect ECONNREFUSED ::1:5001
2026-03-26 15:11:08 [error]: AI stream start error: connect ECONNREFUSED ::1:5001
2026-03-26 15:13:41 [info]: ✅ PostgreSQL connected
2026-03-26 15:13:41 [info]: ✅ Redis connected
2026-03-26 15:13:41 [info]: WebSocket server ready at ws://localhost/ws
2026-03-26 15:13:41 [info]: ✅ WebSocket server initialised
2026-03-26 15:13:41 [info]: 🚀 SafeG AI Backend running on port 4000
2026-03-26 15:13:41 [info]: 📖 Swagger docs: http://localhost:4000/api/docs
2026-03-26 15:13:41 [info]: 🔍 Health check: http://localhost:4000/api/health
2026-03-26 15:14:32 [error]: AI stream start error: connect ECONNREFUSED ::1:5002
2026-03-26 15:17:46 [info]: ✅ PostgreSQL connected
2026-03-26 15:17:46 [info]: ✅ Redis connected
2026-03-26 15:17:46 [info]: WebSocket server ready at ws://localhost/ws
2026-03-26 15:17:46 [info]: ✅ WebSocket server initialised
2026-03-26 15:17:46 [info]: 🚀 SafeG AI Backend running on port 4000
2026-03-26 15:17:46 [info]: 📖 Swagger docs: http://localhost:4000/api/docs
2026-03-26 15:17:46 [info]: 🔍 Health check: http://localhost:4000/api/health
2026-03-26 15:18:56 [error]: AI stream start error: connect ECONNREFUSED ::1:5001
2026-03-26 15:36:36 [info]: ✅ PostgreSQL connected
2026-03-26 15:36:36 [info]: ✅ Redis connected
2026-03-26 15:36:36 [info]: WebSocket server ready at ws://localhost/ws
2026-03-26 15:36:36 [info]: ✅ WebSocket server initialised
2026-03-26 15:36:36 [info]: 🚀 SafeG AI Backend running on port 4000
2026-03-26 15:36:36 [info]: 📖 Swagger docs: http://localhost:4000/api/docs
2026-03-26 15:36:36 [info]: 🔍 Health check: http://localhost:4000/api/health
2026-03-26 15:49:40 [info]: ✅ PostgreSQL connected
2026-03-26 15:49:40 [info]: ✅ Redis connected
2026-03-26 15:49:40 [info]: WebSocket server ready at ws://localhost/ws
2026-03-26 15:49:40 [info]: ✅ WebSocket server initialised
2026-03-26 15:49:40 [info]: 🚀 SafeG AI Backend running on port 4000
2026-03-26 15:49:40 [info]: 📖 Swagger docs: http://localhost:4000/api/docs
2026-03-26 15:49:40 [info]: 🔍 Health check: http://localhost:4000/api/health
2026-03-26 15:50:02 [info]: ✅ PostgreSQL connected
2026-03-26 15:50:02 [info]: ✅ Redis connected
2026-03-26 15:50:02 [info]: WebSocket server ready at ws://localhost/ws
2026-03-26 15:50:02 [info]: ✅ WebSocket server initialised
2026-03-26 15:50:03 [info]: 🚀 SafeG AI Backend running on port 4000
2026-03-26 15:50:03 [info]: 📖 Swagger docs: http://localhost:4000/api/docs
2026-03-26 15:50:03 [info]: 🔍 Health check: http://localhost:4000/api/health
2026-03-26 15:50:19 [info]: ✅ PostgreSQL connected
2026-03-26 15:50:19 [info]: ✅ Redis connected
2026-03-26 15:50:19 [info]: WebSocket server ready at ws://localhost/ws
2026-03-26 15:50:19 [info]: ✅ WebSocket server initialised
2026-03-26 15:50:19 [info]: 🚀 SafeG AI Backend running on port 4000
2026-03-26 15:50:19 [info]: 📖 Swagger docs: http://localhost:4000/api/docs
2026-03-26 15:50:19 [info]: 🔍 Health check: http://localhost:4000/api/health
2026-03-26 15:51:09 [info]: SIGINT received — shutting down gracefully
2026-03-26 15:51:14 [info]: ✅ PostgreSQL connected
2026-03-26 15:51:14 [info]: ✅ Redis connected
2026-03-26 15:51:14 [info]: WebSocket server ready at ws://localhost/ws
2026-03-26 15:51:14 [info]: ✅ WebSocket server initialised
2026-03-26 15:51:14 [info]: 🚀 SafeG AI Backend running on port 4000
2026-03-26 15:51:14 [info]: 📖 Swagger docs: http://localhost:4000/api/docs
2026-03-26 15:51:14 [info]: 🔍 Health check: http://localhost:4000/api/health
2026-03-26 15:57:29 [info]: ✅ PostgreSQL connected
2026-03-26 15:57:29 [info]: ✅ Redis connected
2026-03-26 15:57:29 [info]: WebSocket server ready at ws://localhost/ws
2026-03-26 15:57:29 [info]: ✅ WebSocket server initialised
2026-03-26 15:57:29 [info]: 🚀 SafeG AI Backend running on port 4000
2026-03-26 15:57:29 [info]: 📖 Swagger docs: http://localhost:4000/api/docs
2026-03-26 15:57:29 [info]: 🔍 Health check: http://localhost:4000/api/health
2026-03-26 15:57:34 [info]: SIGINT received — shutting down gracefully
2026-03-26 15:57:43 [info]: ✅ PostgreSQL connected
2026-03-26 15:57:43 [info]: ✅ Redis connected
2026-03-26 15:57:43 [info]: WebSocket server ready at ws://localhost/ws
2026-03-26 15:57:43 [info]: ✅ WebSocket server initialised
2026-03-26 15:57:43 [info]: 🚀 SafeG AI Backend running on port 4000
2026-03-26 15:57:43 [info]: 📖 Swagger docs: http://localhost:4000/api/docs
2026-03-26 15:57:43 [info]: 🔍 Health check: http://localhost:4000/api/health
2026-03-26 16:08:33 [info]: ✅ PostgreSQL connected
2026-03-26 16:08:33 [info]: ✅ Redis connected
2026-03-26 16:08:33 [info]: WebSocket server ready at ws://localhost/ws
2026-03-26 16:08:33 [info]: ✅ WebSocket server initialised
2026-03-26 16:08:33 [info]: 🚀 SafeG AI Backend running on port 4000
2026-03-26 16:08:33 [info]: 📖 Swagger docs: http://localhost:4000/api/docs
2026-03-26 16:08:33 [info]: 🔍 Health check: http://localhost:4000/api/health
2026-03-27 10:52:35 [info]: ✅ PostgreSQL connected
2026-03-27 10:52:35 [info]: ✅ Redis connected
2026-03-27 10:52:35 [info]: WebSocket server ready at ws://localhost/ws
2026-03-27 10:52:35 [info]: ✅ WebSocket server initialised
2026-03-27 10:52:35 [info]: 🚀 SafeG AI Backend running on port 4000
2026-03-27 10:52:35 [info]: 📖 Swagger docs: http://localhost:4000/api/docs
2026-03-27 10:52:35 [info]: 🔍 Health check: http://localhost:4000/api/health
2026-03-27 11:34:11 [info]: SIGINT received — shutting down gracefully
2026-03-27 11:34:23 [info]: ✅ PostgreSQL connected
2026-03-27 11:34:23 [info]: ✅ Redis connected
2026-03-27 11:34:23 [info]: WebSocket server ready at ws://localhost/ws
2026-03-27 11:34:23 [info]: ✅ WebSocket server initialised
2026-03-27 11:34:23 [info]: 🚀 SafeG AI Backend running on port 4000
2026-03-27 11:34:23 [info]: 📖 Swagger docs: http://localhost:4000/api/docs
2026-03-27 11:34:23 [info]: 🔍 Health check: http://localhost:4000/api/health
2026-03-30 10:26:08 [error]: Error: connect ECONNREFUSED ::1:5432
    at C:\Users\YAVER IMAM\Downloads\SyyaimSafeG_AI_v2_Complete\safeg-complete\backend\node_modules\pg-pool\index.js:45:11
    at process.processTicksAndRejections (node:internal/process/task_queues:105:5)
    at async connectDB (C:\Users\YAVER IMAM\Downloads\SyyaimSafeG_AI_v2_Complete\safeg-complete\backend\src\config\database.js:22:18)
    at async bootstrap (C:\Users\YAVER IMAM\Downloads\SyyaimSafeG_AI_v2_Complete\safeg-complete\backend\src\server.js:18:5)
2026-03-30 10:27:29 [info]: ✅ PostgreSQL connected
2026-03-30 10:27:29 [info]: ✅ Redis connected
2026-03-30 10:27:29 [info]: WebSocket server ready at ws://localhost/ws
2026-03-30 10:27:29 [info]: ✅ WebSocket server initialised
2026-03-30 10:27:29 [info]: 🚀 SafeG AI Backend running on port 4000
2026-03-30 10:27:29 [info]: 📖 Swagger docs: http://localhost:4000/api/docs
2026-03-30 10:27:29 [info]: 🔍 Health check: http://localhost:4000/api/health
2026-03-31 10:35:28 [info]: ✅ PostgreSQL connected
2026-03-31 10:35:28 [info]: ✅ Redis connected
2026-03-31 10:35:28 [info]: WebSocket server ready at ws://localhost/ws
2026-03-31 10:35:28 [info]: ✅ WebSocket server initialised
2026-03-31 10:35:28 [info]: 🚀 SafeG AI Backend running on port 4000
2026-03-31 10:35:28 [info]: 📖 Swagger docs: http://localhost:4000/api/docs
2026-03-31 10:35:28 [info]: 🔍 Health check: http://localhost:4000/api/health
2026-04-02 12:19:08 [info]: ✅ PostgreSQL connected
2026-04-02 12:19:08 [info]: ✅ Redis connected
2026-04-02 12:19:08 [info]: WebSocket server ready at ws://localhost/ws
2026-04-02 12:19:08 [info]: ✅ WebSocket server initialised
2026-04-02 12:19:08 [info]: 🚀 SafeG AI Backend running on port 4000
2026-04-02 12:19:08 [info]: 📖 Swagger docs: http://localhost:4000/api/docs
2026-04-02 12:19:08 [info]: 🔍 Health check: http://localhost:4000/api/health
